{"/Users/siqiliu/Desktop/intern-repo/src/data-set.ts": {"_coverageSchema":"43e27e138ebf9cfc5966b082cf9a028302ed4184","b":{},"branchMap":{},"f":{"0":1,"1":1,"2":0,"3":0,"4":2},"fnMap":{"0":{"decl":{"end":{"column":30,"line":8},"start":{"column":29,"line":8}},"line":8,"loc":{"end":{"column":1,"line":32},"start":{"column":41,"line":8}},"name":"(anonymous_0)"},"1":{"decl":{"end":{"column":20,"line":9},"start":{"column":13,"line":9}},"line":9,"loc":{"end":{"column":5,"line":12},"start":{"column":27,"line":9}},"name":"DataSet"},"2":{"decl":{"end":{"column":30,"line":16},"start":{"column":29,"line":16}},"line":16,"loc":{"end":{"column":5,"line":18},"start":{"column":41,"line":16}},"name":"(anonymous_2)"},"3":{"decl":{"end":{"column":30,"line":22},"start":{"column":29,"line":22}},"line":22,"loc":{"end":{"column":5,"line":24},"start":{"column":41,"line":22}},"name":"(anonymous_3)"},"4":{"decl":{"end":{"column":31,"line":28},"start":{"column":30,"line":28}},"line":28,"loc":{"end":{"column":5,"line":30},"start":{"column":42,"line":28}},"name":"(anonymous_4)"}},"hash":"8fec553b183ce92e0b70302b7b02b38f41e65e48","path":"/Users/siqiliu/Desktop/intern-repo/src/data-set.ts","s":{"0":1,"1":1,"2":1,"3":1,"4":1,"5":1,"6":1,"7":1,"8":1,"9":0,"10":1,"11":0,"12":1,"13":2,"14":1,"15":1},"statementMap":{"0":{"end":{"column":62,"line":2},"start":{"column":0,"line":2}},"1":{"end":{"column":25,"line":3},"start":{"column":0,"line":3}},"2":{"end":{"column":30,"line":4},"start":{"column":14,"line":4}},"3":{"end":{"column":47,"line":5},"start":{"column":8,"line":5}},"4":{"end":{"column":32,"line":6},"start":{"column":14,"line":6}},"5":{"end":{"column":3,"line":32},"start":{"column":29,"line":8}},"6":{"end":{"column":23,"line":10},"start":{"column":8,"line":10}},"7":{"end":{"column":25,"line":11},"start":{"column":8,"line":11}},"8":{"end":{"column":6,"line":18},"start":{"column":4,"line":16}},"9":{"end":{"column":32,"line":17},"start":{"column":8,"line":17}},"10":{"end":{"column":6,"line":24},"start":{"column":4,"line":22}},"11":{"end":{"column":46,"line":23},"start":{"column":8,"line":23}},"12":{"end":{"column":6,"line":30},"start":{"column":4,"line":28}},"13":{"end":{"column":44,"line":29},"start":{"column":8,"line":29}},"14":{"end":{"column":19,"line":31},"start":{"column":4,"line":31}},"15":{"end":{"column":26,"line":33},"start":{"column":0,"line":33}}}}
,"/Users/siqiliu/Desktop/intern-repo/src/field.ts": {"_coverageSchema":"43e27e138ebf9cfc5966b082cf9a028302ed4184","b":{},"branchMap":{},"f":{"0":0,"1":1,"2":0,"3":6},"fnMap":{"0":{"decl":{"end":{"column":12,"line":8},"start":{"column":9,"line":8}},"line":8,"loc":{"end":{"column":1,"line":13},"start":{"column":20,"line":8}},"name":"SUM"},"1":{"decl":{"end":{"column":12,"line":19},"start":{"column":9,"line":19}},"line":19,"loc":{"end":{"column":1,"line":24},"start":{"column":20,"line":19}},"name":"MAX"},"2":{"decl":{"end":{"column":12,"line":30},"start":{"column":9,"line":30}},"line":30,"loc":{"end":{"column":1,"line":35},"start":{"column":20,"line":30}},"name":"MIN"},"3":{"decl":{"end":{"column":12,"line":41},"start":{"column":9,"line":41}},"line":41,"loc":{"end":{"column":1,"line":46},"start":{"column":20,"line":41}},"name":"RAW"}},"hash":"55b70261221d04cc0387a32ab5a38df40629a38c","path":"/Users/siqiliu/Desktop/intern-repo/src/field.ts","s":{"0":1,"1":1,"2":0,"3":1,"4":1,"5":1,"6":0,"7":1,"8":6,"9":1},"statementMap":{"0":{"end":{"column":62,"line":2},"start":{"column":0,"line":2}},"1":{"end":{"column":63,"line":3},"start":{"column":0,"line":3}},"2":{"end":{"column":6,"line":12},"start":{"column":4,"line":9}},"3":{"end":{"column":18,"line":14},"start":{"column":0,"line":14}},"4":{"end":{"column":6,"line":23},"start":{"column":4,"line":20}},"5":{"end":{"column":18,"line":25},"start":{"column":0,"line":25}},"6":{"end":{"column":6,"line":34},"start":{"column":4,"line":31}},"7":{"end":{"column":18,"line":36},"start":{"column":0,"line":36}},"8":{"end":{"column":6,"line":45},"start":{"column":4,"line":42}},"9":{"end":{"column":18,"line":47},"start":{"column":0,"line":47}}}}
,"/Users/siqiliu/Desktop/intern-repo/src/index.ts": {"_coverageSchema":"43e27e138ebf9cfc5966b082cf9a028302ed4184","b":{},"branchMap":{},"f":{"0":1,"1":0,"2":1,"3":0,"4":6},"fnMap":{"0":{"decl":{"end":{"column":68,"line":5},"start":{"column":67,"line":5}},"line":5,"loc":{"end":{"column":109,"line":5},"start":{"column":79,"line":5}},"name":"(anonymous_0)"},"1":{"decl":{"end":{"column":64,"line":8},"start":{"column":63,"line":8}},"line":8,"loc":{"end":{"column":98,"line":8},"start":{"column":75,"line":8}},"name":"(anonymous_1)"},"2":{"decl":{"end":{"column":64,"line":9},"start":{"column":63,"line":9}},"line":9,"loc":{"end":{"column":98,"line":9},"start":{"column":75,"line":9}},"name":"(anonymous_2)"},"3":{"decl":{"end":{"column":64,"line":10},"start":{"column":63,"line":10}},"line":10,"loc":{"end":{"column":98,"line":10},"start":{"column":75,"line":10}},"name":"(anonymous_3)"},"4":{"decl":{"end":{"column":64,"line":11},"start":{"column":63,"line":11}},"line":11,"loc":{"end":{"column":98,"line":11},"start":{"column":75,"line":11}},"name":"(anonymous_4)"}},"hash":"173585971aded03f9c6552e11dfacdcf57cead9e","path":"/Users/siqiliu/Desktop/intern-repo/src/index.ts","s":{"0":1,"1":1,"2":1,"3":1,"4":1,"5":1,"6":0,"7":1,"8":1,"9":1,"10":0,"11":1,"12":6},"statementMap":{"0":{"end":{"column":62,"line":2},"start":{"column":0,"line":2}},"1":{"end":{"column":38,"line":4},"start":{"column":17,"line":4}},"2":{"end":{"column":113,"line":5},"start":{"column":0,"line":5}},"3":{"end":{"column":107,"line":5},"start":{"column":81,"line":5}},"4":{"end":{"column":32,"line":7},"start":{"column":14,"line":7}},"5":{"end":{"column":102,"line":8},"start":{"column":0,"line":8}},"6":{"end":{"column":96,"line":8},"start":{"column":77,"line":8}},"7":{"end":{"column":102,"line":9},"start":{"column":0,"line":9}},"8":{"end":{"column":96,"line":9},"start":{"column":77,"line":9}},"9":{"end":{"column":102,"line":10},"start":{"column":0,"line":10}},"10":{"end":{"column":96,"line":10},"start":{"column":77,"line":10}},"11":{"end":{"column":102,"line":11},"start":{"column":0,"line":11}},"12":{"end":{"column":96,"line":11},"start":{"column":77,"line":11}}}}
,"/Users/siqiliu/Desktop/intern-repo/src/query.ts": {"_coverageSchema":"43e27e138ebf9cfc5966b082cf9a028302ed4184","b":{"0":[1,6],"1":[0,0,2],"2":[1,1],"3":[1,1],"4":[1,0],"5":[1,1],"6":[1,1],"7":[2,0]},"branchMap":{"0":{"line":23,"loc":{"end":{"column":13,"line":25},"start":{"column":12,"line":23}},"locations":[{"end":{"column":13,"line":25},"start":{"column":12,"line":23}},{"end":{"column":13,"line":25},"start":{"column":12,"line":23}}],"type":"if"},"1":{"line":67,"loc":{"end":{"column":9,"line":76},"start":{"column":8,"line":67}},"locations":[{"end":{"column":18,"line":71},"start":{"column":12,"line":68}},{"end":{"column":51,"line":73},"start":{"column":12,"line":72}},{"end":{"column":51,"line":75},"start":{"column":12,"line":74}}],"type":"switch"},"2":{"line":84,"loc":{"end":{"column":75,"line":85},"start":{"column":8,"line":84}},"locations":[{"end":{"column":75,"line":85},"start":{"column":8,"line":84}},{"end":{"column":75,"line":85},"start":{"column":8,"line":84}}],"type":"if"},"3":{"line":87,"loc":{"end":{"column":9,"line":102},"start":{"column":8,"line":87}},"locations":[{"end":{"column":9,"line":102},"start":{"column":8,"line":87}},{"end":{"column":9,"line":102},"start":{"column":8,"line":87}}],"type":"if"},"4":{"line":92,"loc":{"end":{"column":13,"line":101},"start":{"column":12,"line":92}},"locations":[{"end":{"column":13,"line":101},"start":{"column":12,"line":92}},{"end":{"column":13,"line":101},"start":{"column":12,"line":92}}],"type":"if"},"5":{"line":104,"loc":{"end":{"column":93,"line":105},"start":{"column":8,"line":104}},"locations":[{"end":{"column":93,"line":105},"start":{"column":8,"line":104}},{"end":{"column":93,"line":105},"start":{"column":8,"line":104}}],"type":"if"},"6":{"line":107,"loc":{"end":{"column":56,"line":108},"start":{"column":8,"line":107}},"locations":[{"end":{"column":56,"line":108},"start":{"column":8,"line":107}},{"end":{"column":56,"line":108},"start":{"column":8,"line":107}}],"type":"if"},"7":{"line":110,"loc":{"end":{"column":9,"line":112},"start":{"column":8,"line":110}},"locations":[{"end":{"column":9,"line":112},"start":{"column":8,"line":110}},{"end":{"column":9,"line":112},"start":{"column":8,"line":110}}],"type":"if"}},"f":{"0":1,"1":2,"2":2,"3":7,"4":1,"5":1,"6":1,"7":2,"8":2,"9":2,"10":4},"fnMap":{"0":{"decl":{"end":{"column":28,"line":5},"start":{"column":27,"line":5}},"line":5,"loc":{"end":{"column":1,"line":116},"start":{"column":39,"line":5}},"name":"(anonymous_0)"},"1":{"decl":{"end":{"column":18,"line":6},"start":{"column":13,"line":6}},"line":6,"loc":{"end":{"column":5,"line":10},"start":{"column":25,"line":6}},"name":"Query"},"2":{"decl":{"end":{"column":30,"line":15},"start":{"column":29,"line":15}},"line":15,"loc":{"end":{"column":5,"line":30},"start":{"column":41,"line":15}},"name":"(anonymous_2)"},"3":{"decl":{"end":{"column":30,"line":21},"start":{"column":29,"line":21}},"line":21,"loc":{"end":{"column":9,"line":28},"start":{"column":46,"line":21}},"name":"(anonymous_3)"},"4":{"decl":{"end":{"column":31,"line":36},"start":{"column":30,"line":36}},"line":36,"loc":{"end":{"column":5,"line":42},"start":{"column":53,"line":36}},"name":"(anonymous_4)"},"5":{"decl":{"end":{"column":31,"line":48},"start":{"column":30,"line":48}},"line":48,"loc":{"end":{"column":5,"line":51},"start":{"column":48,"line":48}},"name":"(anonymous_5)"},"6":{"decl":{"end":{"column":29,"line":56},"start":{"column":28,"line":56}},"line":56,"loc":{"end":{"column":5,"line":59},"start":{"column":41,"line":56}},"name":"(anonymous_6)"},"7":{"decl":{"end":{"column":32,"line":66},"start":{"column":31,"line":66}},"line":66,"loc":{"end":{"column":5,"line":77},"start":{"column":64,"line":66}},"name":"(anonymous_7)"},"8":{"decl":{"end":{"column":30,"line":81},"start":{"column":29,"line":81}},"line":81,"loc":{"end":{"column":5,"line":114},"start":{"column":41,"line":81}},"name":"(anonymous_8)"},"9":{"decl":{"end":{"column":51,"line":94},"start":{"column":50,"line":94}},"line":94,"loc":{"end":{"column":17,"line":96},"start":{"column":66,"line":94}},"name":"(anonymous_9)"},"10":{"decl":{"end":{"column":49,"line":111},"start":{"column":48,"line":111}},"line":111,"loc":{"end":{"column":110,"line":111},"start":{"column":64,"line":111}},"name":"(anonymous_10)"}},"hash":"af72a1dffcc4a99f4a40847b9fe796d504e19a04","path":"/Users/siqiliu/Desktop/intern-repo/src/query.ts","s":{"0":1,"1":1,"2":1,"3":1,"4":2,"5":2,"6":1,"7":2,"8":2,"9":2,"10":2,"11":7,"12":2,"13":7,"14":1,"15":7,"16":2,"17":1,"18":1,"19":1,"20":1,"21":1,"22":1,"23":1,"24":1,"25":1,"26":1,"27":2,"28":0,"29":0,"30":2,"31":1,"32":2,"33":2,"34":1,"35":2,"36":1,"37":1,"38":1,"39":1,"40":1,"41":2,"42":0,"43":2,"44":1,"45":2,"46":1,"47":2,"48":2,"49":4,"50":2,"51":1,"52":1},"statementMap":{"0":{"end":{"column":62,"line":2},"start":{"column":0,"line":2}},"1":{"end":{"column":23,"line":3},"start":{"column":0,"line":3}},"2":{"end":{"column":32,"line":4},"start":{"column":15,"line":4}},"3":{"end":{"column":3,"line":116},"start":{"column":27,"line":5}},"4":{"end":{"column":26,"line":8},"start":{"column":8,"line":8}},"5":{"end":{"column":25,"line":9},"start":{"column":8,"line":9}},"6":{"end":{"column":6,"line":30},"start":{"column":4,"line":15}},"7":{"end":{"column":24,"line":16},"start":{"column":20,"line":16}},"8":{"end":{"column":23,"line":17},"start":{"column":21,"line":17}},"9":{"end":{"column":9,"line":20},"start":{"column":8,"line":18}},"10":{"end":{"column":23,"line":18},"start":{"column":22,"line":18}},"11":{"end":{"column":39,"line":19},"start":{"column":12,"line":19}},"12":{"end":{"column":11,"line":28},"start":{"column":8,"line":21}},"13":{"end":{"column":13,"line":25},"start":{"column":12,"line":23}},"14":{"end":{"column":40,"line":24},"start":{"column":16,"line":24}},"15":{"end":{"column":44,"line":27},"start":{"column":12,"line":27}},"16":{"end":{"column":20,"line":29},"start":{"column":8,"line":29}},"17":{"end":{"column":6,"line":42},"start":{"column":4,"line":36}},"18":{"end":{"column":10,"line":40},"start":{"column":8,"line":37}},"19":{"end":{"column":20,"line":41},"start":{"column":8,"line":41}},"20":{"end":{"column":6,"line":51},"start":{"column":4,"line":48}},"21":{"end":{"column":31,"line":49},"start":{"column":8,"line":49}},"22":{"end":{"column":20,"line":50},"start":{"column":8,"line":50}},"23":{"end":{"column":6,"line":59},"start":{"column":4,"line":56}},"24":{"end":{"column":24,"line":57},"start":{"column":8,"line":57}},"25":{"end":{"column":20,"line":58},"start":{"column":8,"line":58}},"26":{"end":{"column":6,"line":77},"start":{"column":4,"line":66}},"27":{"end":{"column":9,"line":76},"start":{"column":8,"line":67}},"28":{"end":{"column":18,"line":71},"start":{"column":16,"line":69}},"29":{"end":{"column":51,"line":73},"start":{"column":16,"line":73}},"30":{"end":{"column":51,"line":75},"start":{"column":16,"line":75}},"31":{"end":{"column":6,"line":114},"start":{"column":4,"line":81}},"32":{"end":{"column":24,"line":82},"start":{"column":20,"line":82}},"33":{"end":{"column":75,"line":85},"start":{"column":8,"line":84}},"34":{"end":{"column":75,"line":85},"start":{"column":12,"line":85}},"35":{"end":{"column":9,"line":102},"start":{"column":8,"line":87}},"36":{"end":{"column":49,"line":89},"start":{"column":25,"line":89}},"37":{"end":{"column":46,"line":91},"start":{"column":26,"line":91}},"38":{"end":{"column":13,"line":101},"start":{"column":12,"line":92}},"39":{"end":{"column":31,"line":93},"start":{"column":16,"line":93}},"40":{"end":{"column":19,"line":96},"start":{"column":16,"line":94}},"41":{"end":{"column":75,"line":95},"start":{"column":20,"line":95}},"42":{"end":{"column":72,"line":100},"start":{"column":16,"line":100}},"43":{"end":{"column":93,"line":105},"start":{"column":8,"line":104}},"44":{"end":{"column":93,"line":105},"start":{"column":12,"line":105}},"45":{"end":{"column":56,"line":108},"start":{"column":8,"line":107}},"46":{"end":{"column":56,"line":108},"start":{"column":12,"line":108}},"47":{"end":{"column":9,"line":112},"start":{"column":8,"line":110}},"48":{"end":{"column":112,"line":111},"start":{"column":12,"line":111}},"49":{"end":{"column":108,"line":111},"start":{"column":66,"line":111}},"50":{"end":{"column":25,"line":113},"start":{"column":8,"line":113}},"51":{"end":{"column":17,"line":115},"start":{"column":4,"line":115}},"52":{"end":{"column":22,"line":117},"start":{"column":0,"line":117}}}}
}
