TN:
SF:src/data-set.ts
FN:8,(anonymous_0)
FN:9,DataSet
FN:16,(anonymous_2)
FN:22,(anonymous_3)
FN:28,(anonymous_4)
FNF:5
FNH:3
FNDA:1,(anonymous_0)
FNDA:1,DataSet
FNDA:0,(anonymous_2)
FNDA:0,(anonymous_3)
FNDA:2,(anonymous_4)
DA:2,1
DA:3,1
DA:4,1
DA:5,1
DA:6,1
DA:8,1
DA:10,1
DA:11,1
DA:16,1
DA:17,0
DA:22,1
DA:23,0
DA:28,1
DA:29,2
DA:31,1
DA:33,1
LF:16
LH:14
BRF:0
BRH:0
end_of_record
TN:
SF:src/field.ts
FN:8,SUM
FN:19,MAX
FN:30,MIN
FN:41,RAW
FNF:4
FNH:2
FNDA:0,SUM
FNDA:1,MAX
FNDA:0,MIN
FNDA:6,RAW
DA:2,1
DA:3,1
DA:9,0
DA:14,1
DA:20,1
DA:25,1
DA:31,0
DA:36,1
DA:42,6
DA:47,1
LF:10
LH:8
BRF:0
BRH:0
end_of_record
TN:
SF:src/index.ts
FN:5,(anonymous_0)
FN:8,(anonymous_1)
FN:9,(anonymous_2)
FN:10,(anonymous_3)
FN:11,(anonymous_4)
FNF:5
FNH:3
FNDA:1,(anonymous_0)
FNDA:0,(anonymous_1)
FNDA:1,(anonymous_2)
FNDA:0,(anonymous_3)
FNDA:6,(anonymous_4)
DA:2,1
DA:4,1
DA:5,1
DA:7,1
DA:8,1
DA:9,1
DA:10,1
DA:11,6
LF:8
LH:8
BRF:0
BRH:0
end_of_record
TN:
SF:src/query.ts
FN:5,(anonymous_0)
FN:6,Query
FN:15,(anonymous_2)
FN:21,(anonymous_3)
FN:36,(anonymous_4)
FN:48,(anonymous_5)
FN:56,(anonymous_6)
FN:66,(anonymous_7)
FN:81,(anonymous_8)
FN:94,(anonymous_9)
FN:111,(anonymous_10)
FNF:11
FNH:11
FNDA:1,(anonymous_0)
FNDA:2,Query
FNDA:2,(anonymous_2)
FNDA:7,(anonymous_3)
FNDA:1,(anonymous_4)
FNDA:1,(anonymous_5)
FNDA:1,(anonymous_6)
FNDA:2,(anonymous_7)
FNDA:2,(anonymous_8)
FNDA:2,(anonymous_9)
FNDA:4,(anonymous_10)
DA:2,1
DA:3,1
DA:4,1
DA:5,1
DA:8,2
DA:9,2
DA:15,1
DA:16,2
DA:17,2
DA:18,2
DA:19,7
DA:21,2
DA:23,7
DA:24,1
DA:27,7
DA:29,2
DA:36,1
DA:37,1
DA:41,1
DA:48,1
DA:49,1
DA:50,1
DA:56,1
DA:57,1
DA:58,1
DA:66,1
DA:67,2
DA:69,0
DA:73,0
DA:75,2
DA:81,1
DA:82,2
DA:84,2
DA:85,1
DA:87,2
DA:89,1
DA:91,1
DA:92,1
DA:93,1
DA:94,1
DA:95,2
DA:100,0
DA:104,2
DA:105,1
DA:107,2
DA:108,1
DA:110,2
DA:111,4
DA:113,2
DA:115,1
DA:117,1
LF:51
LH:48
BRDA:23,0,0,1
BRDA:23,0,1,6
BRDA:67,1,0,0
BRDA:67,1,1,0
BRDA:67,1,2,2
BRDA:84,2,0,1
BRDA:84,2,1,1
BRDA:87,3,0,1
BRDA:87,3,1,1
BRDA:92,4,0,1
BRDA:92,4,1,0
BRDA:104,5,0,1
BRDA:104,5,1,1
BRDA:107,6,0,1
BRDA:107,6,1,1
BRDA:110,7,0,2
BRDA:110,7,1,0
BRF:17
BRH:13
end_of_record
